<?xml version="1.0" encoding="UTF-8"?>
<testng-results ignored="0" total="1" passed="1" failed="0" skipped="0">
  <reporter-output>
  </reporter-output>
  <suite started-at="2023-02-27T11:31:31 IST" name="LoginTestSuite" finished-at="2023-02-27T11:31:37 IST" duration-ms="6167">
    <groups>
    </groups>
    <test started-at="2023-02-27T11:31:31 IST" name="LoginTest" finished-at="2023-02-27T11:31:37 IST" duration-ms="6167">
      <class name="infosys_maven_Pro.LoginTest">
        <test-method signature="logInTest()[pri:0, instance:infosys_maven_Pro.LoginTest@78b66d36]" started-at="2023-02-27T11:31:31 IST" name="logInTest" finished-at="2023-02-27T11:31:37 IST" duration-ms="6112" status="PASS">
          <reporter-output>
          </reporter-output>
        </test-method> <!-- logInTest -->
      </class> <!-- infosys_maven_Pro.LoginTest -->
    </test> <!-- LoginTest -->
  </suite> <!-- LoginTestSuite -->
</testng-results>
